<?xml version="1.0" encoding="UTF-8"?>
<testng-results ignored="0" total="1" passed="1" failed="0" skipped="0">
  <reporter-output>
    <line>
      <![CDATA[REDMI 9i Sport (Carbon Black, 64 GB)]]>
    </line>
    <line>
      <![CDATA[REDMI 9i Sport (Coral Green, 64 GB)]]>
    </line>
    <line>
      <![CDATA[REDMI 9i Sport (Metallic Blue, 64 GB)]]>
    </line>
    <line>
      <![CDATA[REDMI Note 10T 5G (Metallic Blue, 64 GB)]]>
    </line>
    <line>
      <![CDATA[REDMI Note 10T 5G (Graphite Black, 64 GB)]]>
    </line>
    <line>
      <![CDATA[REDMI 9i (Midnight Black, 64 GB)]]>
    </line>
    <line>
      <![CDATA[REDMI 10 Prime (Astral White, 64 GB)]]>
    </line>
    <line>
      <![CDATA[REDMI 10 Prime (Bifrost Blue, 64 GB)]]>
    </line>
    <line>
      <![CDATA[]]>
    </line>
  </reporter-output>
  <suite started-at="2022-09-20T12:08:11 IST" name="Default suite" finished-at="2022-09-20T12:08:36 IST" duration-ms="24434">
    <groups>
    </groups>
    <test started-at="2022-09-20T12:08:11 IST" name="Default test" finished-at="2022-09-20T12:08:36 IST" duration-ms="24434">
      <class name="flipcart.addtocart.RedmiPhone">
        <test-method signature="RedmiPhoneTest02()[pri:0, instance:flipcart.addtocart.RedmiPhone@5be6e01c]" started-at="2022-09-20T12:08:11 IST" name="RedmiPhoneTest02" finished-at="2022-09-20T12:08:36 IST" duration-ms="24360" status="PASS">
          <reporter-output>
            <line>
              <![CDATA[REDMI 9i Sport (Carbon Black, 64 GB)]]>
            </line>
            <line>
              <![CDATA[REDMI 9i Sport (Coral Green, 64 GB)]]>
            </line>
            <line>
              <![CDATA[REDMI 9i Sport (Metallic Blue, 64 GB)]]>
            </line>
            <line>
              <![CDATA[REDMI Note 10T 5G (Metallic Blue, 64 GB)]]>
            </line>
            <line>
              <![CDATA[REDMI Note 10T 5G (Graphite Black, 64 GB)]]>
            </line>
            <line>
              <![CDATA[REDMI 9i (Midnight Black, 64 GB)]]>
            </line>
            <line>
              <![CDATA[REDMI 10 Prime (Astral White, 64 GB)]]>
            </line>
            <line>
              <![CDATA[REDMI 10 Prime (Bifrost Blue, 64 GB)]]>
            </line>
            <line>
              <![CDATA[]]>
            </line>
          </reporter-output>
        </test-method> <!-- RedmiPhoneTest02 -->
      </class> <!-- flipcart.addtocart.RedmiPhone -->
    </test> <!-- Default test -->
  </suite> <!-- Default suite -->
</testng-results>
